<?xml version="1.0" encoding="UTF-8"?>
<!-- Generated by org.testng.reporters.JUnitReportReporter -->
<testsuite skipped="0" hostname="DR-INDTPTY-103" name="testcases.GmailLoginTestCases" tests="1" failures="0" timestamp="07 Nov 2019 04:44:53 GMT" time="7.832" errors="0">
  <testcase name="login" time="7.832" classname="testcases.GmailLoginTestCases"/>
</testsuite> <!-- testcases.GmailLoginTestCases -->
